<?xml version="1.0" encoding="UTF-8"?>
<testng-results skipped="1" failed="0" total="1" passed="0">
  <reporter-output>
  </reporter-output>
  <suite name="Default suite" duration-ms="3543" started-at="2019-07-31T16:05:11Z" finished-at="2019-07-31T16:05:14Z">
    <groups>
    </groups>
    <test name="Default test" duration-ms="3543" started-at="2019-07-31T16:05:11Z" finished-at="2019-07-31T16:05:14Z">
      <class name="mapsynq_automation.RegisterForm">
        <test-method status="FAIL" signature="initilasation()[pri:0, instance:mapsynq_automation.RegisterForm@5c3bd550]" name="initilasation" is-config="true" duration-ms="0" started-at="2019-07-31T21:35:12Z" finished-at="2019-07-31T21:35:12Z">
          <exception class="java.lang.NullPointerException">
            <full-stacktrace>
              <![CDATA[java.lang.NullPointerException
	at mapsynq_automation.RegisterForm.initilasation(RegisterForm.java:22)
	at sun.reflect.NativeMethodAccessorImpl.invoke0(Native Method)
	at sun.reflect.NativeMethodAccessorImpl.invoke(NativeMethodAccessorImpl.java:62)
	at sun.reflect.DelegatingMethodAccessorImpl.invoke(DelegatingMethodAccessorImpl.java:43)
	at java.lang.reflect.Method.invoke(Method.java:498)
	at org.testng.internal.MethodInvocationHelper.invokeMethod(MethodInvocationHelper.java:80)
	at org.testng.internal.Invoker.invokeConfigurationMethod(Invoker.java:564)
	at org.testng.internal.Invoker.invokeConfigurations(Invoker.java:213)
	at org.testng.internal.Invoker.invokeMethod(Invoker.java:653)
	at org.testng.internal.Invoker.invokeTestMethod(Invoker.java:901)
	at org.testng.internal.Invoker.invokeTestMethods(Invoker.java:1231)
	at org.testng.internal.TestMethodWorker.invokeTestMethods(TestMethodWorker.java:127)
	at org.testng.internal.TestMethodWorker.run(TestMethodWorker.java:111)
	at org.testng.TestRunner.privateRun(TestRunner.java:767)
	at org.testng.TestRunner.run(TestRunner.java:617)
	at org.testng.SuiteRunner.runTest(SuiteRunner.java:334)
	at org.testng.SuiteRunner.runSequentially(SuiteRunner.java:329)
	at org.testng.SuiteRunner.privateRun(SuiteRunner.java:291)
	at org.testng.SuiteRunner.run(SuiteRunner.java:240)
	at org.testng.SuiteRunnerWorker.runSuite(SuiteRunnerWorker.java:52)
	at org.testng.SuiteRunnerWorker.run(SuiteRunnerWorker.java:86)
	at org.testng.TestNG.runSuitesSequentially(TestNG.java:1198)
	at org.testng.TestNG.runSuitesLocally(TestNG.java:1123)
	at org.testng.TestNG.run(TestNG.java:1031)
	at org.testng.remote.AbstractRemoteTestNG.run(AbstractRemoteTestNG.java:132)
	at org.testng.remote.RemoteTestNG.initAndRun(RemoteTestNG.java:236)
	at org.testng.remote.RemoteTestNG.main(RemoteTestNG.java:81)
]]>
            </full-stacktrace>
          </exception> <!-- java.lang.NullPointerException -->
          <reporter-output>
          </reporter-output>
        </test-method> <!-- initilasation -->
        <test-method status="SKIP" signature="CreateNewProfile()[pri:0, instance:mapsynq_automation.RegisterForm@5c3bd550]" name="CreateNewProfile" duration-ms="5" started-at="2019-07-31T21:35:14Z" finished-at="2019-07-31T21:35:14Z">
          <reporter-output>
          </reporter-output>
        </test-method> <!-- CreateNewProfile -->
        <test-method status="SKIP" signature="close()[pri:0, instance:mapsynq_automation.RegisterForm@5c3bd550]" name="close" is-config="true" duration-ms="0" started-at="2019-07-31T21:35:14Z" finished-at="2019-07-31T21:35:14Z">
          <reporter-output>
          </reporter-output>
        </test-method> <!-- close -->
      </class> <!-- mapsynq_automation.RegisterForm -->
    </test> <!-- Default test -->
  </suite> <!-- Default suite -->
</testng-results>
